
2025/07/16 17:07:09 [32m/Users/easayliu/Documents/cursor/Linke/cmd/server/main.go:41 [33mSLOW SQL >= 200ms
[0m[31;1m[321.591ms] [33m[rows:1][35m SELECT SCHEMA_NAME from Information_schema.SCHEMATA where SCHEMA_NAME LIKE 'linke-dev%' ORDER BY SCHEMA_NAME='linke-dev' DESC,SCHEMA_NAME limit 1[0m

2025/07/16 17:07:09 [32m/Users/easayliu/Documents/cursor/Linke/cmd/server/main.go:41 [33mSLOW SQL >= 200ms
[0m[31;1m[329.604ms] [33m[rows:-][35m SELECT count(*) FROM information_schema.tables WHERE table_schema = 'linke-dev' AND table_name = 'users' AND table_type = 'BASE TABLE'[0m

2025/07/16 17:07:10 [32m/Users/easayliu/Documents/cursor/Linke/cmd/server/main.go:41 [33mSLOW SQL >= 200ms
[0m[31;1m[321.601ms] [33m[rows:1][35m SELECT SCHEMA_NAME from Information_schema.SCHEMATA where SCHEMA_NAME LIKE 'linke-dev%' ORDER BY SCHEMA_NAME='linke-dev' DESC,SCHEMA_NAME limit 1[0m

2025/07/16 17:07:10 [32m/Users/easayliu/Documents/cursor/Linke/cmd/server/main.go:41 [33mSLOW SQL >= 200ms
[0m[31;1m[321.084ms] [33m[rows:-][35m SELECT * FROM `users` LIMIT 1[0m

2025/07/16 17:07:10 [32m/Users/easayliu/Documents/cursor/Linke/cmd/server/main.go:41 [33mSLOW SQL >= 200ms
[0m[31;1m[320.363ms] [33m[rows:-][35m SELECT column_name, column_default, is_nullable = 'YES', data_type, character_maximum_length, column_type, column_key, extra, column_comment, numeric_precision, numeric_scale , datetime_precision FROM information_schema.columns WHERE table_schema = 'linke-dev' AND table_name = 'users' ORDER BY ORDINAL_POSITION[0m

2025/07/16 17:07:10 [32m/Users/easayliu/Documents/cursor/Linke/cmd/server/main.go:41 [33mSLOW SQL >= 200ms
[0m[31;1m[205.639ms] [33m[rows:0][35m ALTER TABLE `users` MODIFY COLUMN `email` varchar(255)[0m

2025/07/16 17:07:11 [32m [33mSLOW SQL >= 200ms
[0m[31;1m[320.797ms] [33m[rows:1][35m SELECT SCHEMA_NAME from Information_schema.SCHEMATA where SCHEMA_NAME LIKE 'linke-dev%' ORDER BY SCHEMA_NAME='linke-dev' DESC,SCHEMA_NAME limit 1[0m

2025/07/16 17:07:11 [32m/Users/easayliu/Documents/cursor/Linke/cmd/server/main.go:41 [33mSLOW SQL >= 200ms
[0m[31;1m[320.302ms] [33m[rows:4][35m 
SELECT
	TABLE_NAME,
	COLUMN_NAME,
	INDEX_NAME,
	NON_UNIQUE 
FROM
	information_schema.STATISTICS 
WHERE
	TABLE_SCHEMA = 'linke-dev' 
	AND TABLE_NAME = 'users' 
ORDER BY
	INDEX_NAME,
	SEQ_IN_INDEX[0m

2025/07/16 17:07:12 [32m [33mSLOW SQL >= 200ms
[0m[31;1m[322.006ms] [33m[rows:1][35m SELECT SCHEMA_NAME from Information_schema.SCHEMATA where SCHEMA_NAME LIKE 'linke-dev%' ORDER BY SCHEMA_NAME='linke-dev' DESC,SCHEMA_NAME limit 1[0m

2025/07/16 17:07:12 [32m [33mSLOW SQL >= 200ms
[0m[31;1m[326.207ms] [33m[rows:-][35m SELECT count(*) FROM INFORMATION_SCHEMA.table_constraints WHERE constraint_schema = 'linke-dev' AND table_name = 'users' AND constraint_name = 'uni_users_email'[0m

2025/07/16 17:07:13 [32m [33mSLOW SQL >= 200ms
[0m[31;1m[321.311ms] [33m[rows:1][35m SELECT SCHEMA_NAME from Information_schema.SCHEMATA where SCHEMA_NAME LIKE 'linke-dev%' ORDER BY SCHEMA_NAME='linke-dev' DESC,SCHEMA_NAME limit 1[0m

2025/07/16 17:07:13 [32m [33mSLOW SQL >= 200ms
[0m[31;1m[323.092ms] [33m[rows:-][35m SELECT count(*) FROM information_schema.statistics WHERE table_schema = 'linke-dev' AND table_name = 'users' AND index_name = 'idx_users_email'[0m

2025/07/16 17:07:13 [32m [33mSLOW SQL >= 200ms
[0m[31;1m[323.035ms] [33m[rows:1][35m SELECT SCHEMA_NAME from Information_schema.SCHEMATA where SCHEMA_NAME LIKE 'linke-dev%' ORDER BY SCHEMA_NAME='linke-dev' DESC,SCHEMA_NAME limit 1[0m

2025/07/16 17:07:14 [32m/Users/easayliu/Documents/cursor/Linke/cmd/server/main.go:41 [33mSLOW SQL >= 200ms
[0m[31;1m[325.296ms] [33m[rows:4][35m 
SELECT
	TABLE_NAME,
	COLUMN_NAME,
	INDEX_NAME,
	NON_UNIQUE 
FROM
	information_schema.STATISTICS 
WHERE
	TABLE_SCHEMA = 'linke-dev' 
	AND TABLE_NAME = 'users' 
ORDER BY
	INDEX_NAME,
	SEQ_IN_INDEX[0m

2025/07/16 17:07:14 [32m [33mSLOW SQL >= 200ms
[0m[31;1m[331.819ms] [33m[rows:1][35m SELECT SCHEMA_NAME from Information_schema.SCHEMATA where SCHEMA_NAME LIKE 'linke-dev%' ORDER BY SCHEMA_NAME='linke-dev' DESC,SCHEMA_NAME limit 1[0m

2025/07/16 17:07:15 [32m [33mSLOW SQL >= 200ms
[0m[31;1m[319.291ms] [33m[rows:-][35m SELECT count(*) FROM INFORMATION_SCHEMA.table_constraints WHERE constraint_schema = 'linke-dev' AND table_name = 'users' AND constraint_name = 'uni_users_google_id'[0m

2025/07/16 17:07:15 [32m [33mSLOW SQL >= 200ms
[0m[31;1m[318.863ms] [33m[rows:1][35m SELECT SCHEMA_NAME from Information_schema.SCHEMATA where SCHEMA_NAME LIKE 'linke-dev%' ORDER BY SCHEMA_NAME='linke-dev' DESC,SCHEMA_NAME limit 1[0m

2025/07/16 17:07:15 [32m [33mSLOW SQL >= 200ms
[0m[31;1m[319.440ms] [33m[rows:-][35m SELECT count(*) FROM information_schema.statistics WHERE table_schema = 'linke-dev' AND table_name = 'users' AND index_name = 'idx_users_google_id'[0m

2025/07/16 17:07:16 [32m/Users/easayliu/Documents/cursor/Linke/cmd/server/main.go:41 [33mSLOW SQL >= 200ms
[0m[31;1m[321.718ms] [33m[rows:1][35m SELECT SCHEMA_NAME from Information_schema.SCHEMATA where SCHEMA_NAME LIKE 'linke-dev%' ORDER BY SCHEMA_NAME='linke-dev' DESC,SCHEMA_NAME limit 1[0m

2025/07/16 17:07:17 [32m/Users/easayliu/Documents/cursor/Linke/cmd/server/main.go:41 [33mSLOW SQL >= 200ms
[0m[31;1m[320.189ms] [33m[rows:-][35m SELECT count(*) FROM information_schema.statistics WHERE table_schema = 'linke-dev' AND table_name = 'users' AND index_name = 'idx_users_email'[0m

2025/07/16 17:07:17 [32m/Users/easayliu/Documents/cursor/Linke/cmd/server/main.go:41 [33mSLOW SQL >= 200ms
[0m[31;1m[320.325ms] [33m[rows:1][35m SELECT SCHEMA_NAME from Information_schema.SCHEMATA where SCHEMA_NAME LIKE 'linke-dev%' ORDER BY SCHEMA_NAME='linke-dev' DESC,SCHEMA_NAME limit 1[0m

2025/07/16 17:07:17 [32m/Users/easayliu/Documents/cursor/Linke/cmd/server/main.go:41 [33mSLOW SQL >= 200ms
[0m[31;1m[324.930ms] [33m[rows:-][35m SELECT count(*) FROM information_schema.statistics WHERE table_schema = 'linke-dev' AND table_name = 'users' AND index_name = 'idx_users_google_id'[0m

2025/07/16 17:07:18 [32m/Users/easayliu/Documents/cursor/Linke/cmd/server/main.go:41 [33mSLOW SQL >= 200ms
[0m[31;1m[323.230ms] [33m[rows:1][35m SELECT SCHEMA_NAME from Information_schema.SCHEMATA where SCHEMA_NAME LIKE 'linke-dev%' ORDER BY SCHEMA_NAME='linke-dev' DESC,SCHEMA_NAME limit 1[0m

2025/07/16 17:07:18 [32m/Users/easayliu/Documents/cursor/Linke/cmd/server/main.go:41 [33mSLOW SQL >= 200ms
[0m[31;1m[349.907ms] [33m[rows:-][35m SELECT count(*) FROM information_schema.statistics WHERE table_schema = 'linke-dev' AND table_name = 'users' AND index_name = 'idx_users_telegram_id'[0m

2025/07/16 17:07:19 [32m/Users/easayliu/Documents/cursor/Linke/cmd/server/main.go:41 [33mSLOW SQL >= 200ms
[0m[31;1m[317.662ms] [33m[rows:1][35m SELECT SCHEMA_NAME from Information_schema.SCHEMATA where SCHEMA_NAME LIKE 'linke-dev%' ORDER BY SCHEMA_NAME='linke-dev' DESC,SCHEMA_NAME limit 1[0m

2025/07/16 17:07:19 [32m/Users/easayliu/Documents/cursor/Linke/cmd/server/main.go:41 [33mSLOW SQL >= 200ms
[0m[31;1m[321.539ms] [33m[rows:-][35m SELECT count(*) FROM information_schema.statistics WHERE table_schema = 'linke-dev' AND table_name = 'users' AND index_name = 'idx_users_deleted_at'[0m
2025/07/16 17:07:19 Starting task processor for queue: default
2025/07/16 17:07:19 Server starting on port 8080
2025/07/16 17:07:19 Failed to start server: listen tcp :8080: bind: address already in use
exit status 1
